<?xml version="1.0" encoding="UTF-8"?>
<robot generator="Robot 7.4.1 (Python 3.14.2 on win32)" generated="2026-01-04T23:00:28.997388" rpa="false" schemaversion="5">
<suite id="s1" name="Robot Framework" source="C:\Users\ADC\PythonProject\Robot_Framework">
<suite id="s1-s1" name="TestCases" source="C:\Users\ADC\PythonProject\Robot_Framework\TestCases">
<suite id="s1-s1-s1" name="TC1 Launch Browser" source="C:\Users\ADC\PythonProject\Robot_Framework\TestCases\TC1_Launch_Browser.robot">
<test id="s1-s1-s1-t1" name="TestCase1" line="9">
<kw name="Open Browser" owner="SeleniumLibrary">
<msg time="2026-01-04T23:00:29.366953" level="INFO">Opening browser 'chrome' to base url 'https://testautomationpractice.blogspot.com/'.</msg>
<arg>${url}</arg>
<arg>${browser}</arg>
<doc>Opens a new browser instance to the optional ``url``.</doc>
<status status="PASS" start="2026-01-04T23:00:29.366547" elapsed="7.241668"/>
</kw>
<kw name="Maximize Browser Window" owner="SeleniumLibrary">
<doc>Maximizes current browser window.</doc>
<status status="PASS" start="2026-01-04T23:00:36.608953" elapsed="0.039141"/>
</kw>
<kw name="Sleep" owner="BuiltIn">
<msg time="2026-01-04T23:00:38.650414" level="INFO">Slept 2 seconds.</msg>
<arg>2</arg>
<doc>Pauses the test executed for the given time.</doc>
<status status="PASS" start="2026-01-04T23:00:36.648943" elapsed="2.001669"/>
</kw>
<kw name="Input Text" owner="SeleniumLibrary">
<msg time="2026-01-04T23:00:38.651870" level="INFO">Typing text 'Virat kohli' into text field 'id:name'.</msg>
<arg>id:name</arg>
<arg>Virat kohli</arg>
<doc>Types the given ``text`` into the text field identified by ``locator``.</doc>
<status status="PASS" start="2026-01-04T23:00:38.651206" elapsed="0.235585"/>
</kw>
<kw name="Sleep" owner="BuiltIn">
<msg time="2026-01-04T23:00:42.889334" level="INFO">Slept 4 seconds.</msg>
<arg>4</arg>
<doc>Pauses the test executed for the given time.</doc>
<status status="PASS" start="2026-01-04T23:00:38.888234" elapsed="4.001293"/>
</kw>
<kw name="Close Browser" owner="SeleniumLibrary">
<doc>Closes the current browser.</doc>
<status status="PASS" start="2026-01-04T23:00:42.890195" elapsed="2.383980"/>
</kw>
<status status="PASS" start="2026-01-04T23:00:29.365334" elapsed="15.911134"/>
</test>
<status status="PASS" start="2026-01-04T23:00:29.057952" elapsed="16.223628"/>
</suite>
<status status="PASS" start="2026-01-04T23:00:29.055298" elapsed="16.231385"/>
</suite>
<status status="PASS" start="2026-01-04T23:00:29.000157" elapsed="16.290273"/>
</suite>
<statistics>
<total>
<stat pass="1" fail="0" skip="0">All Tests</stat>
</total>
<tag>
</tag>
<suite>
<stat name="Robot Framework" id="s1" pass="1" fail="0" skip="0">Robot Framework</stat>
<stat name="TestCases" id="s1-s1" pass="1" fail="0" skip="0">Robot Framework.TestCases</stat>
<stat name="TC1 Launch Browser" id="s1-s1-s1" pass="1" fail="0" skip="0">Robot Framework.TestCases.TC1 Launch Browser</stat>
</suite>
</statistics>
<errors>
</errors>
</robot>
